[17/09/2017 10:45] WARNING client __init__ 137: PyNaCl is not installed, voice will NOT be supported
[17/09/2017 10:45] INFO client event 757: on_ready has successfully been registered as an event
[17/09/2017 10:45] INFO client event 757: on_command_error has successfully been registered as an event
[17/09/2017 10:45] INFO client event 757: on_message has successfully been registered as an event
[17/09/2017 10:46] INFO client login 351: logging in using static token
[17/09/2017 10:46] INFO gateway from_client 213: Created websocket connected to wss://gateway.discord.gg?encoding=json&v=6
[17/09/2017 10:46] INFO gateway identify 293: Shard ID None has sent the IDENTIFY payload.
[17/09/2017 10:46] INFO gateway received_message 377: Shard ID None has connected to Gateway: gateway-prd-main-n22c, discord-sessions-prd-1-15 (Session ID: be769336b29de645388a02d08e4d4290).
[17/09/2017 10:46] INFO state parse_guild_members_chunk 765: Processed a chunk for 630 members in guild ID 299293492645986307.
[17/09/2017 10:46] INFO state parse_guild_members_chunk 765: Processed a chunk for 1000 members in guild ID 191455136013352960.
[17/09/2017 10:46] INFO state parse_guild_members_chunk 765: Processed a chunk for 1000 members in guild ID 191455136013352960.
[17/09/2017 10:46] INFO state parse_guild_members_chunk 765: Processed a chunk for 1000 members in guild ID 191455136013352960.
[17/09/2017 10:46] INFO state parse_guild_members_chunk 765: Processed a chunk for 1000 members in guild ID 191455136013352960.
[17/09/2017 10:46] INFO state parse_guild_members_chunk 765: Processed a chunk for 1000 members in guild ID 191455136013352960.
[17/09/2017 10:46] INFO state parse_guild_members_chunk 765: Processed a chunk for 1000 members in guild ID 191455136013352960.
[17/09/2017 10:46] INFO state parse_guild_members_chunk 765: Processed a chunk for 1000 members in guild ID 191455136013352960.
[17/09/2017 10:46] INFO state parse_guild_members_chunk 765: Processed a chunk for 1000 members in guild ID 191455136013352960.
[17/09/2017 10:46] INFO state parse_guild_members_chunk 765: Processed a chunk for 1000 members in guild ID 191455136013352960.
[17/09/2017 10:46] INFO state parse_guild_members_chunk 765: Processed a chunk for 1000 members in guild ID 191455136013352960.
[17/09/2017 10:46] INFO state parse_guild_members_chunk 765: Processed a chunk for 1000 members in guild ID 191455136013352960.
[17/09/2017 10:46] INFO state parse_guild_members_chunk 765: Processed a chunk for 1000 members in guild ID 191455136013352960.
[17/09/2017 10:46] INFO state parse_guild_members_chunk 765: Processed a chunk for 1000 members in guild ID 191455136013352960.
[17/09/2017 10:46] INFO state parse_guild_members_chunk 765: Processed a chunk for 1000 members in guild ID 191455136013352960.
[17/09/2017 10:46] INFO state parse_guild_members_chunk 765: Processed a chunk for 1000 members in guild ID 191455136013352960.
[17/09/2017 10:46] INFO state parse_guild_members_chunk 765: Processed a chunk for 1000 members in guild ID 191455136013352960.
[17/09/2017 10:46] INFO state parse_guild_members_chunk 765: Processed a chunk for 1000 members in guild ID 191455136013352960.
[17/09/2017 10:46] INFO state parse_guild_members_chunk 765: Processed a chunk for 1000 members in guild ID 191455136013352960.
[17/09/2017 10:46] INFO state parse_guild_members_chunk 765: Processed a chunk for 1000 members in guild ID 191455136013352960.
[17/09/2017 10:46] INFO state parse_guild_members_chunk 765: Processed a chunk for 1000 members in guild ID 191455136013352960.
[17/09/2017 10:46] INFO state parse_guild_members_chunk 765: Processed a chunk for 1000 members in guild ID 191455136013352960.
[17/09/2017 10:46] INFO state parse_guild_members_chunk 765: Processed a chunk for 1000 members in guild ID 191455136013352960.
[17/09/2017 10:46] INFO state parse_guild_members_chunk 765: Processed a chunk for 1000 members in guild ID 191455136013352960.
[17/09/2017 10:46] INFO state parse_guild_members_chunk 765: Processed a chunk for 791 members in guild ID 191455136013352960.
[17/09/2017 10:46] INFO state parse_guild_members_chunk 765: Processed a chunk for 448 members in guild ID 198050786440249344.
[17/09/2017 10:46] INFO state parse_guild_members_chunk 765: Processed a chunk for 1000 members in guild ID 110373943822540800.
[17/09/2017 10:46] INFO state parse_guild_members_chunk 765: Processed a chunk for 1000 members in guild ID 110373943822540800.
[17/09/2017 10:46] INFO state parse_guild_members_chunk 765: Processed a chunk for 1000 members in guild ID 110373943822540800.
[17/09/2017 10:46] INFO state parse_guild_members_chunk 765: Processed a chunk for 1000 members in guild ID 110373943822540800.
[17/09/2017 10:46] INFO state parse_guild_members_chunk 765: Processed a chunk for 1000 members in guild ID 110373943822540800.
[17/09/2017 10:46] INFO state parse_guild_members_chunk 765: Processed a chunk for 1000 members in guild ID 110373943822540800.
[17/09/2017 10:46] INFO state parse_guild_members_chunk 765: Processed a chunk for 1000 members in guild ID 110373943822540800.
[17/09/2017 10:46] INFO state parse_guild_members_chunk 765: Processed a chunk for 1000 members in guild ID 110373943822540800.
[17/09/2017 10:46] INFO state parse_guild_members_chunk 765: Processed a chunk for 1000 members in guild ID 110373943822540800.
[17/09/2017 10:46] INFO state parse_guild_members_chunk 765: Processed a chunk for 1000 members in guild ID 110373943822540800.
[17/09/2017 10:46] INFO state parse_guild_members_chunk 765: Processed a chunk for 1000 members in guild ID 110373943822540800.
[17/09/2017 10:46] INFO state parse_guild_members_chunk 765: Processed a chunk for 1000 members in guild ID 110373943822540800.
[17/09/2017 10:46] INFO state parse_guild_members_chunk 765: Processed a chunk for 1000 members in guild ID 110373943822540800.
[17/09/2017 10:46] INFO state parse_guild_members_chunk 765: Processed a chunk for 1000 members in guild ID 110373943822540800.
[17/09/2017 10:46] INFO state parse_guild_members_chunk 765: Processed a chunk for 1000 members in guild ID 110373943822540800.
[17/09/2017 10:46] INFO state parse_guild_members_chunk 765: Processed a chunk for 1000 members in guild ID 110373943822540800.
[17/09/2017 10:46] INFO state parse_guild_members_chunk 765: Processed a chunk for 1000 members in guild ID 110373943822540800.
[17/09/2017 10:46] INFO state parse_guild_members_chunk 765: Processed a chunk for 1000 members in guild ID 110373943822540800.
[17/09/2017 10:46] INFO state parse_guild_members_chunk 765: Processed a chunk for 1000 members in guild ID 110373943822540800.
[17/09/2017 10:46] INFO state parse_guild_members_chunk 765: Processed a chunk for 1000 members in guild ID 110373943822540800.
[17/09/2017 10:46] INFO state parse_guild_members_chunk 765: Processed a chunk for 1000 members in guild ID 110373943822540800.
[17/09/2017 10:46] INFO state parse_guild_members_chunk 765: Processed a chunk for 307 members in guild ID 110373943822540800.
[17/09/2017 10:46] INFO state parse_guild_members_chunk 765: Processed a chunk for 385 members in guild ID 245165859537027073.
[17/09/2017 10:46] INFO state parse_guild_members_chunk 765: Processed a chunk for 12 members in guild ID 269706626577989632.
[17/09/2017 10:46] INFO state parse_guild_members_chunk 765: Processed a chunk for 886 members in guild ID 282297986568945666.
[17/09/2017 10:46] INFO state parse_guild_members_chunk 765: Processed a chunk for 102 members in guild ID 228984404649836544.
[17/09/2017 10:46] INFO state parse_guild_members_chunk 765: Processed a chunk for 33 members in guild ID 269429629704470548.
[17/09/2017 10:46] INFO state parse_guild_members_chunk 765: Processed a chunk for 1000 members in guild ID 280806472928198656.
[17/09/2017 10:46] INFO state parse_guild_members_chunk 765: Processed a chunk for 1000 members in guild ID 280806472928198656.
[17/09/2017 10:46] INFO state parse_guild_members_chunk 765: Processed a chunk for 1000 members in guild ID 280806472928198656.
[17/09/2017 10:46] INFO state parse_guild_members_chunk 765: Processed a chunk for 1000 members in guild ID 280806472928198656.
[17/09/2017 10:46] INFO state parse_guild_members_chunk 765: Processed a chunk for 1000 members in guild ID 280806472928198656.
[17/09/2017 10:46] INFO state parse_guild_members_chunk 765: Processed a chunk for 1000 members in guild ID 280806472928198656.
[17/09/2017 10:46] INFO state parse_guild_members_chunk 765: Processed a chunk for 339 members in guild ID 280806472928198656.
[17/09/2017 10:46] INFO state parse_guild_members_chunk 765: Processed a chunk for 1000 members in guild ID 316527541274017792.
[17/09/2017 10:46] INFO state parse_guild_members_chunk 765: Processed a chunk for 786 members in guild ID 316527541274017792.
[17/09/2017 10:46] INFO state parse_guild_members_chunk 765: Processed a chunk for 532 members in guild ID 298969150133370880.
[17/09/2017 10:46] INFO state parse_guild_members_chunk 765: Processed a chunk for 490 members in guild ID 191511258732822528.
[17/09/2017 10:46] INFO state parse_guild_members_chunk 765: Processed a chunk for 100 members in guild ID 339091715052797953.
[17/09/2017 10:46] INFO state parse_guild_members_chunk 765: Processed a chunk for 33 members in guild ID 297347501659521034.
[17/09/2017 10:46] INFO state parse_guild_members_chunk 765: Processed a chunk for 722 members in guild ID 326499304879554570.
[17/09/2017 10:46] INFO state parse_guild_members_chunk 765: Processed a chunk for 1000 members in guild ID 150662382874525696.
[17/09/2017 10:46] INFO state parse_guild_members_chunk 765: Processed a chunk for 1000 members in guild ID 150662382874525696.
[17/09/2017 10:46] INFO state parse_guild_members_chunk 765: Processed a chunk for 1000 members in guild ID 150662382874525696.
[17/09/2017 10:46] INFO state parse_guild_members_chunk 765: Processed a chunk for 1000 members in guild ID 150662382874525696.
[17/09/2017 10:46] INFO state parse_guild_members_chunk 765: Processed a chunk for 978 members in guild ID 150662382874525696.
[17/09/2017 10:46] INFO state parse_guild_members_chunk 765: Processed a chunk for 782 members in guild ID 338937968779722752.
[17/09/2017 10:46] INFO state parse_guild_members_chunk 765: Processed a chunk for 1000 members in guild ID 320321103635677194.
[17/09/2017 10:46] INFO state parse_guild_members_chunk 765: Processed a chunk for 1000 members in guild ID 320321103635677194.
[17/09/2017 10:46] INFO state parse_guild_members_chunk 765: Processed a chunk for 1000 members in guild ID 320321103635677194.
[17/09/2017 10:46] INFO state parse_guild_members_chunk 765: Processed a chunk for 21 members in guild ID 320321103635677194.
[17/09/2017 10:46] INFO state parse_guild_members_chunk 765: Processed a chunk for 1000 members in guild ID 222215955563020288.
[17/09/2017 10:46] INFO state parse_guild_members_chunk 765: Processed a chunk for 366 members in guild ID 222215955563020288.
[17/09/2017 10:46] INFO state parse_guild_members_chunk 765: Processed a chunk for 758 members in guild ID 267980912887726081.
[17/09/2017 10:46] INFO state parse_guild_members_chunk 765: Processed a chunk for 13 members in guild ID 280270712785076224.
[17/09/2017 10:46] INFO state parse_guild_members_chunk 765: Processed a chunk for 51 members in guild ID 187870813951754240.
[17/09/2017 10:46] INFO state parse_guild_members_chunk 765: Processed a chunk for 1000 members in guild ID 217402245250154498.
[17/09/2017 10:46] INFO state parse_guild_members_chunk 765: Processed a chunk for 1000 members in guild ID 217402245250154498.
[17/09/2017 10:46] INFO state parse_guild_members_chunk 765: Processed a chunk for 1000 members in guild ID 217402245250154498.
[17/09/2017 10:46] INFO state parse_guild_members_chunk 765: Processed a chunk for 1000 members in guild ID 217402245250154498.
[17/09/2017 10:46] INFO state parse_guild_members_chunk 765: Processed a chunk for 1000 members in guild ID 217402245250154498.
[17/09/2017 10:46] INFO state parse_guild_members_chunk 765: Processed a chunk for 1000 members in guild ID 217402245250154498.
[17/09/2017 10:46] INFO state parse_guild_members_chunk 765: Processed a chunk for 1000 members in guild ID 217402245250154498.
[17/09/2017 10:46] INFO state parse_guild_members_chunk 765: Processed a chunk for 512 members in guild ID 217402245250154498.
[17/09/2017 10:46] INFO state parse_guild_members_chunk 765: Processed a chunk for 1000 members in guild ID 324195556299767809.
[17/09/2017 10:46] INFO state parse_guild_members_chunk 765: Processed a chunk for 1000 members in guild ID 324195556299767809.
[17/09/2017 10:46] INFO state parse_guild_members_chunk 765: Processed a chunk for 1000 members in guild ID 324195556299767809.
[17/09/2017 10:46] INFO state parse_guild_members_chunk 765: Processed a chunk for 1000 members in guild ID 324195556299767809.
[17/09/2017 10:46] INFO state parse_guild_members_chunk 765: Processed a chunk for 1000 members in guild ID 324195556299767809.
[17/09/2017 10:46] INFO state parse_guild_members_chunk 765: Processed a chunk for 1000 members in guild ID 324195556299767809.
[17/09/2017 10:46] INFO state parse_guild_members_chunk 765: Processed a chunk for 1000 members in guild ID 324195556299767809.
[17/09/2017 10:46] INFO state parse_guild_members_chunk 765: Processed a chunk for 1000 members in guild ID 324195556299767809.
[17/09/2017 10:46] INFO state parse_guild_members_chunk 765: Processed a chunk for 1000 members in guild ID 324195556299767809.
[17/09/2017 10:46] INFO state parse_guild_members_chunk 765: Processed a chunk for 1000 members in guild ID 324195556299767809.
[17/09/2017 10:46] INFO state parse_guild_members_chunk 765: Processed a chunk for 833 members in guild ID 324195556299767809.
[17/09/2017 10:46] INFO state parse_guild_members_chunk 765: Processed a chunk for 136 members in guild ID 284897572756389889.
[17/09/2017 10:46] INFO state parse_guild_members_chunk 765: Processed a chunk for 1000 members in guild ID 296834098251563008.
[17/09/2017 10:46] INFO state parse_guild_members_chunk 765: Processed a chunk for 808 members in guild ID 296834098251563008.
[17/09/2017 10:46] INFO state parse_guild_members_chunk 765: Processed a chunk for 1000 members in guild ID 167655491793584128.
[17/09/2017 10:46] INFO state parse_guild_members_chunk 765: Processed a chunk for 1000 members in guild ID 167655491793584128.
[17/09/2017 10:46] INFO state parse_guild_members_chunk 765: Processed a chunk for 1000 members in guild ID 167655491793584128.
[17/09/2017 10:46] INFO state parse_guild_members_chunk 765: Processed a chunk for 1000 members in guild ID 167655491793584128.
[17/09/2017 10:46] INFO state parse_guild_members_chunk 765: Processed a chunk for 1000 members in guild ID 167655491793584128.
[17/09/2017 10:46] INFO state parse_guild_members_chunk 765: Processed a chunk for 709 members in guild ID 167655491793584128.
[17/09/2017 10:46] INFO state parse_guild_members_chunk 765: Processed a chunk for 13 members in guild ID 341240276297318410.
[17/09/2017 10:46] INFO state parse_guild_members_chunk 765: Processed a chunk for 1000 members in guild ID 267799767843602452.
[17/09/2017 10:46] INFO state parse_guild_members_chunk 765: Processed a chunk for 1000 members in guild ID 267799767843602452.
[17/09/2017 10:46] INFO state parse_guild_members_chunk 765: Processed a chunk for 1000 members in guild ID 267799767843602452.
[17/09/2017 10:46] INFO state parse_guild_members_chunk 765: Processed a chunk for 1000 members in guild ID 267799767843602452.
[17/09/2017 10:46] INFO state parse_guild_members_chunk 765: Processed a chunk for 1000 members in guild ID 267799767843602452.
[17/09/2017 10:46] INFO state parse_guild_members_chunk 765: Processed a chunk for 1000 members in guild ID 267799767843602452.
[17/09/2017 10:46] INFO state parse_guild_members_chunk 765: Processed a chunk for 1000 members in guild ID 267799767843602452.
[17/09/2017 10:46] INFO state parse_guild_members_chunk 765: Processed a chunk for 1000 members in guild ID 267799767843602452.
[17/09/2017 10:46] INFO state parse_guild_members_chunk 765: Processed a chunk for 1000 members in guild ID 267799767843602452.
[17/09/2017 10:46] INFO state parse_guild_members_chunk 765: Processed a chunk for 793 members in guild ID 267799767843602452.
[17/09/2017 10:46] INFO state parse_guild_members_chunk 765: Processed a chunk for 1000 members in guild ID 145166056812576768.
[17/09/2017 10:46] INFO state parse_guild_members_chunk 765: Processed a chunk for 1000 members in guild ID 145166056812576768.
[17/09/2017 10:46] INFO state parse_guild_members_chunk 765: Processed a chunk for 1000 members in guild ID 145166056812576768.
[17/09/2017 10:46] INFO state parse_guild_members_chunk 765: Processed a chunk for 1000 members in guild ID 145166056812576768.
[17/09/2017 10:46] INFO state parse_guild_members_chunk 765: Processed a chunk for 1000 members in guild ID 145166056812576768.
[17/09/2017 10:46] INFO state parse_guild_members_chunk 765: Processed a chunk for 1000 members in guild ID 145166056812576768.
[17/09/2017 10:46] INFO state parse_guild_members_chunk 765: Processed a chunk for 1000 members in guild ID 145166056812576768.
[17/09/2017 10:46] INFO state parse_guild_members_chunk 765: Processed a chunk for 1000 members in guild ID 145166056812576768.
[17/09/2017 10:46] INFO state parse_guild_members_chunk 765: Processed a chunk for 1000 members in guild ID 145166056812576768.
[17/09/2017 10:46] INFO state parse_guild_members_chunk 765: Processed a chunk for 1000 members in guild ID 145166056812576768.
[17/09/2017 10:46] INFO state parse_guild_members_chunk 765: Processed a chunk for 1000 members in guild ID 145166056812576768.
[17/09/2017 10:46] INFO state parse_guild_members_chunk 765: Processed a chunk for 1000 members in guild ID 145166056812576768.
[17/09/2017 10:46] INFO state parse_guild_members_chunk 765: Processed a chunk for 1000 members in guild ID 145166056812576768.
[17/09/2017 10:46] INFO state parse_guild_members_chunk 765: Processed a chunk for 1000 members in guild ID 145166056812576768.
[17/09/2017 10:46] INFO state parse_guild_members_chunk 765: Processed a chunk for 1000 members in guild ID 145166056812576768.
[17/09/2017 10:46] INFO state parse_guild_members_chunk 765: Processed a chunk for 1000 members in guild ID 145166056812576768.
[17/09/2017 10:46] INFO state parse_guild_members_chunk 765: Processed a chunk for 1000 members in guild ID 145166056812576768.
[17/09/2017 10:46] INFO state parse_guild_members_chunk 765: Processed a chunk for 284 members in guild ID 145166056812576768.
[17/09/2017 10:46] INFO state parse_guild_members_chunk 765: Processed a chunk for 1 members in guild ID 281005472985776128.
[17/09/2017 10:46] INFO state parse_guild_members_chunk 765: Processed a chunk for 1000 members in guild ID 240658168667963392.
[17/09/2017 10:46] INFO state parse_guild_members_chunk 765: Processed a chunk for 1000 members in guild ID 240658168667963392.
[17/09/2017 10:46] INFO state parse_guild_members_chunk 765: Processed a chunk for 1000 members in guild ID 240658168667963392.
[17/09/2017 10:46] INFO state parse_guild_members_chunk 765: Processed a chunk for 383 members in guild ID 240658168667963392.
[17/09/2017 10:46] INFO state parse_guild_members_chunk 765: Processed a chunk for 1000 members in guild ID 252698233611091978.
[17/09/2017 10:46] INFO state parse_guild_members_chunk 765: Processed a chunk for 432 members in guild ID 252698233611091978.
[17/09/2017 10:46] INFO state parse_guild_members_chunk 765: Processed a chunk for 79 members in guild ID 325907053786693632.
[17/09/2017 10:46] INFO state parse_guild_members_chunk 765: Processed a chunk for 1000 members in guild ID 188630481301012481.
[17/09/2017 10:46] INFO state parse_guild_members_chunk 765: Processed a chunk for 1000 members in guild ID 188630481301012481.
[17/09/2017 10:46] INFO state parse_guild_members_chunk 765: Processed a chunk for 1000 members in guild ID 188630481301012481.
[17/09/2017 10:46] INFO state parse_guild_members_chunk 765: Processed a chunk for 1000 members in guild ID 188630481301012481.
[17/09/2017 10:46] INFO state parse_guild_members_chunk 765: Processed a chunk for 295 members in guild ID 188630481301012481.
[17/09/2017 10:46] INFO state parse_guild_members_chunk 765: Processed a chunk for 1000 members in guild ID 305627343895003136.
[17/09/2017 10:46] INFO state parse_guild_members_chunk 765: Processed a chunk for 254 members in guild ID 305627343895003136.
[17/09/2017 10:46] INFO state parse_guild_members_chunk 765: Processed a chunk for 1000 members in guild ID 203742791753269250.
[17/09/2017 10:46] INFO state parse_guild_members_chunk 765: Processed a chunk for 1000 members in guild ID 203742791753269250.
[17/09/2017 10:46] INFO state parse_guild_members_chunk 765: Processed a chunk for 971 members in guild ID 203742791753269250.
[17/09/2017 10:46] INFO state parse_guild_members_chunk 765: Processed a chunk for 1000 members in guild ID 334754707681837057.
[17/09/2017 10:46] INFO state parse_guild_members_chunk 765: Processed a chunk for 1000 members in guild ID 334754707681837057.
[17/09/2017 10:46] INFO state parse_guild_members_chunk 765: Processed a chunk for 1000 members in guild ID 334754707681837057.
[17/09/2017 10:46] INFO state parse_guild_members_chunk 765: Processed a chunk for 1000 members in guild ID 334754707681837057.
[17/09/2017 10:46] INFO state parse_guild_members_chunk 765: Processed a chunk for 30 members in guild ID 334754707681837057.
[17/09/2017 10:46] INFO state parse_guild_members_chunk 765: Processed a chunk for 419 members in guild ID 232486524057419787.
[17/09/2017 10:46] INFO state parse_guild_members_chunk 765: Processed a chunk for 535 members in guild ID 256310306865807370.
[17/09/2017 10:46] INFO state parse_guild_members_chunk 765: Processed a chunk for 922 members in guild ID 301846485249556490.
[17/09/2017 10:46] INFO state parse_guild_members_chunk 765: Processed a chunk for 72 members in guild ID 300384538197098496.
[17/09/2017 10:46] INFO state parse_guild_members_chunk 765: Processed a chunk for 437 members in guild ID 283317036137054209.
[17/09/2017 10:46] INFO state parse_guild_members_chunk 765: Processed a chunk for 341 members in guild ID 240059867744698368.
[17/09/2017 10:46] INFO state parse_guild_members_chunk 765: Processed a chunk for 1000 members in guild ID 212844108396363786.
[17/09/2017 10:46] INFO state parse_guild_members_chunk 765: Processed a chunk for 779 members in guild ID 212844108396363786.
[17/09/2017 10:46] INFO state parse_guild_members_chunk 765: Processed a chunk for 121 members in guild ID 352761385710780419.
[17/09/2017 10:46] INFO state parse_guild_members_chunk 765: Processed a chunk for 1000 members in guild ID 163843122747408384.
[17/09/2017 10:46] INFO state parse_guild_members_chunk 765: Processed a chunk for 1000 members in guild ID 163843122747408384.
[17/09/2017 10:46] INFO state parse_guild_members_chunk 765: Processed a chunk for 1000 members in guild ID 163843122747408384.
[17/09/2017 10:46] INFO state parse_guild_members_chunk 765: Processed a chunk for 1000 members in guild ID 163843122747408384.
[17/09/2017 10:46] INFO state parse_guild_members_chunk 765: Processed a chunk for 1000 members in guild ID 163843122747408384.
[17/09/2017 10:46] INFO state parse_guild_members_chunk 765: Processed a chunk for 1000 members in guild ID 163843122747408384.
[17/09/2017 10:46] INFO state parse_guild_members_chunk 765: Processed a chunk for 1000 members in guild ID 163843122747408384.
[17/09/2017 10:46] INFO state parse_guild_members_chunk 765: Processed a chunk for 1000 members in guild ID 163843122747408384.
[17/09/2017 10:46] INFO state parse_guild_members_chunk 765: Processed a chunk for 1000 members in guild ID 163843122747408384.
[17/09/2017 10:46] INFO state parse_guild_members_chunk 765: Processed a chunk for 1000 members in guild ID 163843122747408384.
[17/09/2017 10:46] INFO state parse_guild_members_chunk 765: Processed a chunk for 1000 members in guild ID 163843122747408384.
[17/09/2017 10:46] INFO state parse_guild_members_chunk 765: Processed a chunk for 1000 members in guild ID 163843122747408384.
[17/09/2017 10:46] INFO state parse_guild_members_chunk 765: Processed a chunk for 1000 members in guild ID 163843122747408384.
[17/09/2017 10:46] INFO state parse_guild_members_chunk 765: Processed a chunk for 1000 members in guild ID 163843122747408384.
[17/09/2017 10:46] INFO state parse_guild_members_chunk 765: Processed a chunk for 1000 members in guild ID 163843122747408384.
[17/09/2017 10:46] INFO state parse_guild_members_chunk 765: Processed a chunk for 1000 members in guild ID 163843122747408384.
[17/09/2017 10:46] INFO state parse_guild_members_chunk 765: Processed a chunk for 1000 members in guild ID 163843122747408384.
[17/09/2017 10:46] INFO state parse_guild_members_chunk 765: Processed a chunk for 918 members in guild ID 163843122747408384.
[17/09/2017 10:46] INFO state parse_guild_members_chunk 765: Processed a chunk for 110 members in guild ID 293025725647290369.
[17/09/2017 10:46] INFO state parse_guild_members_chunk 765: Processed a chunk for 1000 members in guild ID 230056618123853824.
[17/09/2017 10:46] INFO state parse_guild_members_chunk 765: Processed a chunk for 934 members in guild ID 230056618123853824.
[17/09/2017 10:46] INFO state parse_guild_members_chunk 765: Processed a chunk for 1000 members in guild ID 204487943568621568.
[17/09/2017 10:46] INFO state parse_guild_members_chunk 765: Processed a chunk for 575 members in guild ID 204487943568621568.
[17/09/2017 10:46] INFO state parse_guild_members_chunk 765: Processed a chunk for 16 members in guild ID 326531364147036160.
[17/09/2017 10:46] INFO state _delay_ready 284: Requesting GUILD_SYNC for 53 guilds
[17/09/2017 10:46] WARNING gateway received_message 389: Unknown event MESSAGE_ACK.
[17/09/2017 10:47] WARNING gateway received_message 389: Unknown event MESSAGE_ACK.
[17/09/2017 10:47] WARNING gateway received_message 389: Unknown event MESSAGE_ACK.
[17/09/2017 10:47] WARNING gateway received_message 389: Unknown event MESSAGE_ACK.
[21/09/2017 08:41] WARNING client __init__ 137: PyNaCl is not installed, voice will NOT be supported
[21/09/2017 08:41] INFO client event 776: on_ready has successfully been registered as an event
[21/09/2017 08:41] INFO client event 776: on_command_error has successfully been registered as an event
[21/09/2017 08:41] INFO client event 776: on_message has successfully been registered as an event
[21/09/2017 08:42] INFO client login 351: logging in using static token
[21/09/2017 08:42] INFO gateway from_client 213: Created websocket connected to wss://gateway.discord.gg?encoding=json&v=6
[21/09/2017 08:42] INFO gateway identify 293: Shard ID None has sent the IDENTIFY payload.
[21/09/2017 08:42] INFO gateway received_message 377: Shard ID None has connected to Gateway: gateway-prd-main-3bvw, discord-sessions-prd-1-8 (Session ID: db9093e6add2ec0e2e8b872c7f34f2f0).
[21/09/2017 08:42] WARNING state parse_voice_state_update 783: VOICE_STATE_UPDATE referencing an unknown member ID: 252190811536490497. Discarding.
[21/09/2017 08:42] WARNING state parse_voice_state_update 783: VOICE_STATE_UPDATE referencing an unknown member ID: 352408443266662400. Discarding.
[21/09/2017 08:42] INFO state parse_guild_members_chunk 765: Processed a chunk for 647 members in guild ID 299293492645986307.
[21/09/2017 08:42] INFO state parse_guild_members_chunk 765: Processed a chunk for 1000 members in guild ID 191455136013352960.
[21/09/2017 08:42] INFO state parse_guild_members_chunk 765: Processed a chunk for 1000 members in guild ID 191455136013352960.
[21/09/2017 08:42] INFO state parse_guild_members_chunk 765: Processed a chunk for 1000 members in guild ID 191455136013352960.
[21/09/2017 08:42] INFO state parse_guild_members_chunk 765: Processed a chunk for 1000 members in guild ID 191455136013352960.
[21/09/2017 08:42] INFO state parse_guild_members_chunk 765: Processed a chunk for 1000 members in guild ID 191455136013352960.
[21/09/2017 08:42] INFO state parse_guild_members_chunk 765: Processed a chunk for 1000 members in guild ID 191455136013352960.
[21/09/2017 08:42] INFO state parse_guild_members_chunk 765: Processed a chunk for 1000 members in guild ID 191455136013352960.
[21/09/2017 08:42] INFO state parse_guild_members_chunk 765: Processed a chunk for 1000 members in guild ID 191455136013352960.
[21/09/2017 08:42] INFO state parse_guild_members_chunk 765: Processed a chunk for 1000 members in guild ID 191455136013352960.
[21/09/2017 08:42] INFO state parse_guild_members_chunk 765: Processed a chunk for 1000 members in guild ID 191455136013352960.
[21/09/2017 08:42] INFO state parse_guild_members_chunk 765: Processed a chunk for 1000 members in guild ID 191455136013352960.
[21/09/2017 08:42] INFO state parse_guild_members_chunk 765: Processed a chunk for 1000 members in guild ID 191455136013352960.
[21/09/2017 08:42] INFO state parse_guild_members_chunk 765: Processed a chunk for 1000 members in guild ID 191455136013352960.
[21/09/2017 08:42] INFO state parse_guild_members_chunk 765: Processed a chunk for 1000 members in guild ID 191455136013352960.
[21/09/2017 08:42] INFO state parse_guild_members_chunk 765: Processed a chunk for 1000 members in guild ID 191455136013352960.
[21/09/2017 08:42] INFO state parse_guild_members_chunk 765: Processed a chunk for 1000 members in guild ID 191455136013352960.
[21/09/2017 08:42] INFO state parse_guild_members_chunk 765: Processed a chunk for 1000 members in guild ID 191455136013352960.
[21/09/2017 08:42] INFO state parse_guild_members_chunk 765: Processed a chunk for 1000 members in guild ID 191455136013352960.
[21/09/2017 08:42] INFO state parse_guild_members_chunk 765: Processed a chunk for 1000 members in guild ID 191455136013352960.
[21/09/2017 08:42] INFO state parse_guild_members_chunk 765: Processed a chunk for 1000 members in guild ID 191455136013352960.
[21/09/2017 08:42] INFO state parse_guild_members_chunk 765: Processed a chunk for 1000 members in guild ID 191455136013352960.
[21/09/2017 08:42] INFO state parse_guild_members_chunk 765: Processed a chunk for 1000 members in guild ID 191455136013352960.
[21/09/2017 08:42] INFO state parse_guild_members_chunk 765: Processed a chunk for 1000 members in guild ID 191455136013352960.
[21/09/2017 08:42] INFO state parse_guild_members_chunk 765: Processed a chunk for 727 members in guild ID 191455136013352960.
[21/09/2017 08:42] INFO state parse_guild_members_chunk 765: Processed a chunk for 161 members in guild ID 321184288563265536.
[21/09/2017 08:42] INFO state parse_guild_members_chunk 765: Processed a chunk for 1000 members in guild ID 133049272517001216.
[21/09/2017 08:42] INFO state parse_guild_members_chunk 765: Processed a chunk for 1000 members in guild ID 133049272517001216.
[21/09/2017 08:42] INFO state parse_guild_members_chunk 765: Processed a chunk for 1000 members in guild ID 133049272517001216.
[21/09/2017 08:42] INFO state parse_guild_members_chunk 765: Processed a chunk for 1000 members in guild ID 133049272517001216.
[21/09/2017 08:42] INFO state parse_guild_members_chunk 765: Processed a chunk for 1000 members in guild ID 133049272517001216.
[21/09/2017 08:42] INFO state parse_guild_members_chunk 765: Processed a chunk for 572 members in guild ID 133049272517001216.
[21/09/2017 08:42] INFO state parse_guild_members_chunk 765: Processed a chunk for 456 members in guild ID 198050786440249344.
[21/09/2017 08:42] INFO state parse_guild_members_chunk 765: Processed a chunk for 1000 members in guild ID 110373943822540800.
[21/09/2017 08:42] INFO state parse_guild_members_chunk 765: Processed a chunk for 1000 members in guild ID 110373943822540800.
[21/09/2017 08:42] INFO state parse_guild_members_chunk 765: Processed a chunk for 1000 members in guild ID 110373943822540800.
[21/09/2017 08:42] INFO state parse_guild_members_chunk 765: Processed a chunk for 1000 members in guild ID 110373943822540800.
[21/09/2017 08:42] INFO state parse_guild_members_chunk 765: Processed a chunk for 1000 members in guild ID 110373943822540800.
[21/09/2017 08:42] INFO state parse_guild_members_chunk 765: Processed a chunk for 1000 members in guild ID 110373943822540800.
[21/09/2017 08:42] INFO state parse_guild_members_chunk 765: Processed a chunk for 1000 members in guild ID 110373943822540800.
[21/09/2017 08:42] INFO state parse_guild_members_chunk 765: Processed a chunk for 1000 members in guild ID 110373943822540800.
[21/09/2017 08:42] INFO state parse_guild_members_chunk 765: Processed a chunk for 1000 members in guild ID 110373943822540800.
[21/09/2017 08:42] INFO state parse_guild_members_chunk 765: Processed a chunk for 1000 members in guild ID 110373943822540800.
[21/09/2017 08:42] INFO state parse_guild_members_chunk 765: Processed a chunk for 1000 members in guild ID 110373943822540800.
[21/09/2017 08:42] INFO state parse_guild_members_chunk 765: Processed a chunk for 1000 members in guild ID 110373943822540800.
[21/09/2017 08:42] INFO state parse_guild_members_chunk 765: Processed a chunk for 1000 members in guild ID 110373943822540800.
[21/09/2017 08:42] INFO state parse_guild_members_chunk 765: Processed a chunk for 1000 members in guild ID 110373943822540800.
[21/09/2017 08:42] INFO state parse_guild_members_chunk 765: Processed a chunk for 1000 members in guild ID 110373943822540800.
[21/09/2017 08:42] INFO state parse_guild_members_chunk 765: Processed a chunk for 1000 members in guild ID 110373943822540800.
[21/09/2017 08:42] INFO state parse_guild_members_chunk 765: Processed a chunk for 1000 members in guild ID 110373943822540800.
[21/09/2017 08:42] INFO state parse_guild_members_chunk 765: Processed a chunk for 1000 members in guild ID 110373943822540800.
[21/09/2017 08:42] INFO state parse_guild_members_chunk 765: Processed a chunk for 1000 members in guild ID 110373943822540800.
[21/09/2017 08:42] INFO state parse_guild_members_chunk 765: Processed a chunk for 1000 members in guild ID 110373943822540800.
[21/09/2017 08:42] INFO state parse_guild_members_chunk 765: Processed a chunk for 1000 members in guild ID 110373943822540800.
[21/09/2017 08:42] INFO state parse_guild_members_chunk 765: Processed a chunk for 675 members in guild ID 110373943822540800.
[21/09/2017 08:42] INFO state parse_guild_members_chunk 765: Processed a chunk for 390 members in guild ID 245165859537027073.
[21/09/2017 08:42] INFO state parse_guild_members_chunk 765: Processed a chunk for 12 members in guild ID 269706626577989632.
[21/09/2017 08:42] INFO state parse_guild_members_chunk 765: Processed a chunk for 896 members in guild ID 282297986568945666.
[21/09/2017 08:42] INFO state parse_guild_members_chunk 765: Processed a chunk for 102 members in guild ID 228984404649836544.
[21/09/2017 08:42] INFO state parse_guild_members_chunk 765: Processed a chunk for 19 members in guild ID 333419597170606090.
[21/09/2017 08:42] INFO state parse_guild_members_chunk 765: Processed a chunk for 33 members in guild ID 269429629704470548.
[21/09/2017 08:42] INFO state parse_guild_members_chunk 765: Processed a chunk for 1000 members in guild ID 280806472928198656.
[21/09/2017 08:42] INFO state parse_guild_members_chunk 765: Processed a chunk for 1000 members in guild ID 280806472928198656.
[21/09/2017 08:42] INFO state parse_guild_members_chunk 765: Processed a chunk for 1000 members in guild ID 280806472928198656.
[21/09/2017 08:42] INFO state parse_guild_members_chunk 765: Processed a chunk for 1000 members in guild ID 280806472928198656.
[21/09/2017 08:42] INFO state parse_guild_members_chunk 765: Processed a chunk for 1000 members in guild ID 280806472928198656.
[21/09/2017 08:42] INFO state parse_guild_members_chunk 765: Processed a chunk for 1000 members in guild ID 280806472928198656.
[21/09/2017 08:42] INFO state parse_guild_members_chunk 765: Processed a chunk for 453 members in guild ID 280806472928198656.
[21/09/2017 08:42] INFO state parse_guild_members_chunk 765: Processed a chunk for 1000 members in guild ID 316527541274017792.
[21/09/2017 08:42] INFO state parse_guild_members_chunk 765: Processed a chunk for 802 members in guild ID 316527541274017792.
[21/09/2017 08:42] INFO state parse_guild_members_chunk 765: Processed a chunk for 538 members in guild ID 298969150133370880.
[21/09/2017 08:42] INFO state parse_guild_members_chunk 765: Processed a chunk for 496 members in guild ID 191511258732822528.
[21/09/2017 08:42] INFO state parse_guild_members_chunk 765: Processed a chunk for 110 members in guild ID 339091715052797953.
[21/09/2017 08:42] INFO state parse_guild_members_chunk 765: Processed a chunk for 34 members in guild ID 297347501659521034.
[21/09/2017 08:42] INFO state parse_guild_members_chunk 765: Processed a chunk for 663 members in guild ID 326499304879554570.
[21/09/2017 08:42] INFO state parse_guild_members_chunk 765: Processed a chunk for 1000 members in guild ID 150662382874525696.
[21/09/2017 08:42] INFO state parse_guild_members_chunk 765: Processed a chunk for 1000 members in guild ID 150662382874525696.
[21/09/2017 08:42] INFO state parse_guild_members_chunk 765: Processed a chunk for 1000 members in guild ID 150662382874525696.
[21/09/2017 08:42] INFO state parse_guild_members_chunk 765: Processed a chunk for 1000 members in guild ID 150662382874525696.
[21/09/2017 08:42] INFO state parse_guild_members_chunk 765: Processed a chunk for 1000 members in guild ID 150662382874525696.
[21/09/2017 08:42] INFO state parse_guild_members_chunk 765: Processed a chunk for 8 members in guild ID 150662382874525696.
[21/09/2017 08:42] INFO state parse_guild_members_chunk 765: Processed a chunk for 783 members in guild ID 338937968779722752.
[21/09/2017 08:42] INFO state parse_guild_members_chunk 765: Processed a chunk for 1000 members in guild ID 320321103635677194.
[21/09/2017 08:42] INFO state parse_guild_members_chunk 765: Processed a chunk for 1000 members in guild ID 320321103635677194.
[21/09/2017 08:42] INFO state parse_guild_members_chunk 765: Processed a chunk for 1000 members in guild ID 320321103635677194.
[21/09/2017 08:42] INFO state parse_guild_members_chunk 765: Processed a chunk for 57 members in guild ID 320321103635677194.
[21/09/2017 08:42] INFO state parse_guild_members_chunk 765: Processed a chunk for 1000 members in guild ID 222215955563020288.
[21/09/2017 08:42] INFO state parse_guild_members_chunk 765: Processed a chunk for 373 members in guild ID 222215955563020288.
[21/09/2017 08:42] INFO state parse_guild_members_chunk 765: Processed a chunk for 839 members in guild ID 240154543684321280.
[21/09/2017 08:42] INFO state parse_guild_members_chunk 765: Processed a chunk for 773 members in guild ID 267980912887726081.
[21/09/2017 08:42] INFO state parse_guild_members_chunk 765: Processed a chunk for 13 members in guild ID 280270712785076224.
[21/09/2017 08:42] INFO state parse_guild_members_chunk 765: Processed a chunk for 51 members in guild ID 187870813951754240.
[21/09/2017 08:43] INFO state parse_guild_members_chunk 765: Processed a chunk for 1000 members in guild ID 217402245250154498.
[21/09/2017 08:43] INFO state parse_guild_members_chunk 765: Processed a chunk for 1000 members in guild ID 217402245250154498.
[21/09/2017 08:43] INFO state parse_guild_members_chunk 765: Processed a chunk for 1000 members in guild ID 217402245250154498.
[21/09/2017 08:43] INFO state parse_guild_members_chunk 765: Processed a chunk for 1000 members in guild ID 217402245250154498.
[21/09/2017 08:43] INFO state parse_guild_members_chunk 765: Processed a chunk for 1000 members in guild ID 217402245250154498.
[21/09/2017 08:43] INFO state parse_guild_members_chunk 765: Processed a chunk for 1000 members in guild ID 217402245250154498.
[21/09/2017 08:43] INFO state parse_guild_members_chunk 765: Processed a chunk for 1000 members in guild ID 217402245250154498.
[21/09/2017 08:43] INFO state parse_guild_members_chunk 765: Processed a chunk for 596 members in guild ID 217402245250154498.
[21/09/2017 08:43] INFO state parse_guild_members_chunk 765: Processed a chunk for 1000 members in guild ID 324195556299767809.
[21/09/2017 08:43] INFO state parse_guild_members_chunk 765: Processed a chunk for 1000 members in guild ID 324195556299767809.
[21/09/2017 08:43] INFO state parse_guild_members_chunk 765: Processed a chunk for 1000 members in guild ID 324195556299767809.
[21/09/2017 08:43] INFO state parse_guild_members_chunk 765: Processed a chunk for 1000 members in guild ID 324195556299767809.
[21/09/2017 08:43] INFO state parse_guild_members_chunk 765: Processed a chunk for 1000 members in guild ID 324195556299767809.
[21/09/2017 08:43] INFO state parse_guild_members_chunk 765: Processed a chunk for 1000 members in guild ID 324195556299767809.
[21/09/2017 08:43] INFO state parse_guild_members_chunk 765: Processed a chunk for 1000 members in guild ID 324195556299767809.
[21/09/2017 08:43] INFO state parse_guild_members_chunk 765: Processed a chunk for 1000 members in guild ID 324195556299767809.
[21/09/2017 08:43] INFO state parse_guild_members_chunk 765: Processed a chunk for 1000 members in guild ID 324195556299767809.
[21/09/2017 08:43] INFO state parse_guild_members_chunk 765: Processed a chunk for 1000 members in guild ID 324195556299767809.
[21/09/2017 08:43] INFO state parse_guild_members_chunk 765: Processed a chunk for 987 members in guild ID 324195556299767809.
[21/09/2017 08:43] INFO state parse_guild_members_chunk 765: Processed a chunk for 136 members in guild ID 284897572756389889.
[21/09/2017 08:43] INFO state parse_guild_members_chunk 765: Processed a chunk for 1000 members in guild ID 296834098251563008.
[21/09/2017 08:43] INFO state parse_guild_members_chunk 765: Processed a chunk for 1000 members in guild ID 296834098251563008.
[21/09/2017 08:43] INFO state parse_guild_members_chunk 765: Processed a chunk for 95 members in guild ID 296834098251563008.
[21/09/2017 08:43] INFO state parse_guild_members_chunk 765: Processed a chunk for 1000 members in guild ID 167655491793584128.
[21/09/2017 08:43] INFO state parse_guild_members_chunk 765: Processed a chunk for 1000 members in guild ID 167655491793584128.
[21/09/2017 08:43] INFO state parse_guild_members_chunk 765: Processed a chunk for 1000 members in guild ID 167655491793584128.
[21/09/2017 08:43] INFO state parse_guild_members_chunk 765: Processed a chunk for 1000 members in guild ID 167655491793584128.
[21/09/2017 08:43] INFO state parse_guild_members_chunk 765: Processed a chunk for 1000 members in guild ID 167655491793584128.
[21/09/2017 08:43] INFO state parse_guild_members_chunk 765: Processed a chunk for 720 members in guild ID 167655491793584128.
[21/09/2017 08:43] INFO state parse_guild_members_chunk 765: Processed a chunk for 13 members in guild ID 341240276297318410.
[21/09/2017 08:43] INFO state parse_guild_members_chunk 765: Processed a chunk for 1000 members in guild ID 267799767843602452.
[21/09/2017 08:43] INFO state parse_guild_members_chunk 765: Processed a chunk for 1000 members in guild ID 267799767843602452.
[21/09/2017 08:43] INFO state parse_guild_members_chunk 765: Processed a chunk for 1000 members in guild ID 267799767843602452.
[21/09/2017 08:43] INFO state parse_guild_members_chunk 765: Processed a chunk for 1000 members in guild ID 267799767843602452.
[21/09/2017 08:43] INFO state parse_guild_members_chunk 765: Processed a chunk for 1000 members in guild ID 267799767843602452.
[21/09/2017 08:43] INFO state parse_guild_members_chunk 765: Processed a chunk for 1000 members in guild ID 267799767843602452.
[21/09/2017 08:43] INFO state parse_guild_members_chunk 765: Processed a chunk for 1000 members in guild ID 267799767843602452.
[21/09/2017 08:43] INFO state parse_guild_members_chunk 765: Processed a chunk for 1000 members in guild ID 267799767843602452.
[21/09/2017 08:43] INFO state parse_guild_members_chunk 765: Processed a chunk for 1000 members in guild ID 267799767843602452.
[21/09/2017 08:43] INFO state parse_guild_members_chunk 765: Processed a chunk for 898 members in guild ID 267799767843602452.
[21/09/2017 08:43] INFO state parse_guild_members_chunk 765: Processed a chunk for 1000 members in guild ID 145166056812576768.
[21/09/2017 08:43] INFO state parse_guild_members_chunk 765: Processed a chunk for 1000 members in guild ID 145166056812576768.
[21/09/2017 08:43] WARNING gateway run 72: Shard ID None has stopped responding to the gateway. Closing and restarting.
[21/09/2017 08:43] INFO state parse_guild_members_chunk 765: Processed a chunk for 1000 members in guild ID 145166056812576768.
[21/09/2017 08:43] INFO state parse_guild_members_chunk 765: Processed a chunk for 1000 members in guild ID 145166056812576768.
[21/09/2017 08:43] INFO state parse_guild_members_chunk 765: Processed a chunk for 1000 members in guild ID 145166056812576768.
[21/09/2017 08:43] INFO state parse_guild_members_chunk 765: Processed a chunk for 1000 members in guild ID 145166056812576768.
[21/09/2017 08:43] INFO state parse_guild_members_chunk 765: Processed a chunk for 1000 members in guild ID 145166056812576768.
[21/09/2017 08:43] INFO state parse_guild_members_chunk 765: Processed a chunk for 1000 members in guild ID 145166056812576768.
[21/09/2017 08:43] INFO state parse_guild_members_chunk 765: Processed a chunk for 1000 members in guild ID 145166056812576768.
[21/09/2017 08:43] INFO state parse_guild_members_chunk 765: Processed a chunk for 1000 members in guild ID 145166056812576768.
[21/09/2017 08:43] INFO state parse_guild_members_chunk 765: Processed a chunk for 1000 members in guild ID 145166056812576768.
[21/09/2017 08:43] INFO state parse_guild_members_chunk 765: Processed a chunk for 1000 members in guild ID 145166056812576768.
[21/09/2017 08:43] INFO state parse_guild_members_chunk 765: Processed a chunk for 1000 members in guild ID 145166056812576768.
[21/09/2017 08:43] INFO state parse_guild_members_chunk 765: Processed a chunk for 1000 members in guild ID 145166056812576768.
[21/09/2017 08:43] INFO state parse_guild_members_chunk 765: Processed a chunk for 1000 members in guild ID 145166056812576768.
[21/09/2017 08:43] INFO state parse_guild_members_chunk 765: Processed a chunk for 1000 members in guild ID 145166056812576768.
[21/09/2017 08:43] INFO state parse_guild_members_chunk 765: Processed a chunk for 1000 members in guild ID 145166056812576768.
[21/09/2017 08:43] INFO state parse_guild_members_chunk 765: Processed a chunk for 417 members in guild ID 145166056812576768.
[21/09/2017 08:43] INFO state parse_guild_members_chunk 765: Processed a chunk for 1 members in guild ID 281005472985776128.
[21/09/2017 08:43] INFO state parse_guild_members_chunk 765: Processed a chunk for 1000 members in guild ID 240658168667963392.
[21/09/2017 08:43] INFO state parse_guild_members_chunk 765: Processed a chunk for 1000 members in guild ID 240658168667963392.
[21/09/2017 08:43] INFO state parse_guild_members_chunk 765: Processed a chunk for 1000 members in guild ID 240658168667963392.
[21/09/2017 08:43] INFO state parse_guild_members_chunk 765: Processed a chunk for 387 members in guild ID 240658168667963392.
[21/09/2017 08:43] INFO state parse_guild_members_chunk 765: Processed a chunk for 1000 members in guild ID 252698233611091978.
[21/09/2017 08:43] INFO state parse_guild_members_chunk 765: Processed a chunk for 441 members in guild ID 252698233611091978.
[21/09/2017 08:43] INFO state parse_guild_members_chunk 765: Processed a chunk for 78 members in guild ID 325907053786693632.
[21/09/2017 08:43] INFO state parse_guild_members_chunk 765: Processed a chunk for 1000 members in guild ID 188630481301012481.
[21/09/2017 08:43] INFO gateway poll_event 441: Websocket closed with None (), attempting a reconnect.
[21/09/2017 08:43] INFO client _connect 371: Got a request to RESUME the websocket.
[21/09/2017 08:43] INFO gateway from_client 213: Created websocket connected to wss://gateway.discord.gg?encoding=json&v=6
[21/09/2017 08:43] INFO gateway resume 308: Shard ID None has sent the RESUME payload.
[21/09/2017 08:43] INFO state parse_guild_members_chunk 765: Processed a chunk for 1000 members in guild ID 188630481301012481.
[21/09/2017 08:43] INFO state parse_guild_members_chunk 765: Processed a chunk for 1000 members in guild ID 188630481301012481.
[21/09/2017 08:43] INFO state parse_guild_members_chunk 765: Processed a chunk for 1000 members in guild ID 188630481301012481.
[21/09/2017 08:43] INFO state parse_guild_members_chunk 765: Processed a chunk for 307 members in guild ID 188630481301012481.
[21/09/2017 08:43] INFO state parse_guild_members_chunk 765: Processed a chunk for 1000 members in guild ID 305627343895003136.
[21/09/2017 08:43] INFO state parse_guild_members_chunk 765: Processed a chunk for 267 members in guild ID 305627343895003136.
[21/09/2017 08:43] INFO state parse_guild_members_chunk 765: Processed a chunk for 1000 members in guild ID 203742791753269250.
[21/09/2017 08:43] INFO state parse_guild_members_chunk 765: Processed a chunk for 1000 members in guild ID 203742791753269250.
[21/09/2017 08:43] INFO state parse_guild_members_chunk 765: Processed a chunk for 978 members in guild ID 203742791753269250.
[21/09/2017 08:43] INFO state parse_guild_members_chunk 765: Processed a chunk for 1000 members in guild ID 334754707681837057.
[21/09/2017 08:43] INFO state parse_guild_members_chunk 765: Processed a chunk for 1000 members in guild ID 334754707681837057.
[21/09/2017 08:43] INFO state parse_guild_members_chunk 765: Processed a chunk for 1000 members in guild ID 334754707681837057.
[21/09/2017 08:43] INFO state parse_guild_members_chunk 765: Processed a chunk for 1000 members in guild ID 334754707681837057.
[21/09/2017 08:43] INFO state parse_guild_members_chunk 765: Processed a chunk for 80 members in guild ID 334754707681837057.
[21/09/2017 08:43] INFO state parse_guild_members_chunk 765: Processed a chunk for 416 members in guild ID 232486524057419787.
[21/09/2017 08:43] INFO state parse_guild_members_chunk 765: Processed a chunk for 541 members in guild ID 256310306865807370.
[21/09/2017 08:43] INFO state parse_guild_members_chunk 765: Processed a chunk for 927 members in guild ID 301846485249556490.
[21/09/2017 08:43] INFO state parse_guild_members_chunk 765: Processed a chunk for 81 members in guild ID 300384538197098496.
[21/09/2017 08:43] INFO state parse_guild_members_chunk 765: Processed a chunk for 2 members in guild ID 358853224851177472.
[21/09/2017 08:43] INFO state parse_guild_members_chunk 765: Processed a chunk for 442 members in guild ID 283317036137054209.
[21/09/2017 08:43] INFO state parse_guild_members_chunk 765: Processed a chunk for 341 members in guild ID 240059867744698368.
[21/09/2017 08:43] INFO state parse_guild_members_chunk 765: Processed a chunk for 1000 members in guild ID 212844108396363786.
[21/09/2017 08:43] INFO state parse_guild_members_chunk 765: Processed a chunk for 781 members in guild ID 212844108396363786.
[21/09/2017 08:43] INFO state parse_guild_members_chunk 765: Processed a chunk for 150 members in guild ID 352761385710780419.
[21/09/2017 08:43] INFO state parse_guild_members_chunk 765: Processed a chunk for 1000 members in guild ID 163843122747408384.
[21/09/2017 08:43] INFO state parse_guild_members_chunk 765: Processed a chunk for 1000 members in guild ID 163843122747408384.
[21/09/2017 08:44] INFO state parse_guild_members_chunk 765: Processed a chunk for 1000 members in guild ID 163843122747408384.
[21/09/2017 08:44] INFO state parse_guild_members_chunk 765: Processed a chunk for 1000 members in guild ID 163843122747408384.
[21/09/2017 08:44] INFO state parse_guild_members_chunk 765: Processed a chunk for 1000 members in guild ID 163843122747408384.
[21/09/2017 08:44] INFO state parse_guild_members_chunk 765: Processed a chunk for 1000 members in guild ID 163843122747408384.
[21/09/2017 08:44] INFO state parse_guild_members_chunk 765: Processed a chunk for 1000 members in guild ID 163843122747408384.
[21/09/2017 08:44] INFO state parse_guild_members_chunk 765: Processed a chunk for 1000 members in guild ID 163843122747408384.
[21/09/2017 08:44] INFO state parse_guild_members_chunk 765: Processed a chunk for 1000 members in guild ID 163843122747408384.
[21/09/2017 08:44] INFO state parse_guild_members_chunk 765: Processed a chunk for 1000 members in guild ID 163843122747408384.
[21/09/2017 08:44] INFO state parse_guild_members_chunk 765: Processed a chunk for 1000 members in guild ID 163843122747408384.
[21/09/2017 08:44] INFO state parse_guild_members_chunk 765: Processed a chunk for 1000 members in guild ID 163843122747408384.
[21/09/2017 08:44] INFO state parse_guild_members_chunk 765: Processed a chunk for 1000 members in guild ID 163843122747408384.
[21/09/2017 08:44] INFO state parse_guild_members_chunk 765: Processed a chunk for 1000 members in guild ID 163843122747408384.
[21/09/2017 08:44] INFO state parse_guild_members_chunk 765: Processed a chunk for 1000 members in guild ID 163843122747408384.
[21/09/2017 08:44] INFO state parse_guild_members_chunk 765: Processed a chunk for 1000 members in guild ID 163843122747408384.
[21/09/2017 08:44] INFO state parse_guild_members_chunk 765: Processed a chunk for 1000 members in guild ID 163843122747408384.
[21/09/2017 08:44] INFO state parse_guild_members_chunk 765: Processed a chunk for 840 members in guild ID 163843122747408384.
[21/09/2017 08:44] INFO state parse_guild_members_chunk 765: Processed a chunk for 119 members in guild ID 293025725647290369.
[21/09/2017 08:44] INFO state parse_guild_members_chunk 765: Processed a chunk for 1000 members in guild ID 230056618123853824.
[21/09/2017 08:44] INFO state parse_guild_members_chunk 765: Processed a chunk for 576 members in guild ID 230056618123853824.
[21/09/2017 08:44] INFO state parse_guild_members_chunk 765: Processed a chunk for 1000 members in guild ID 204487943568621568.
[21/09/2017 08:44] INFO state parse_guild_members_chunk 765: Processed a chunk for 580 members in guild ID 204487943568621568.
[21/09/2017 08:44] INFO state parse_guild_members_chunk 765: Processed a chunk for 16 members in guild ID 326531364147036160.
[21/09/2017 08:44] INFO state _delay_ready 284: Requesting GUILD_SYNC for 58 guilds
[21/09/2017 08:44] INFO gateway received_message 382: Shard ID None has successfully RESUMED session db9093e6add2ec0e2e8b872c7f34f2f0 under trace gateway-prd-main-plxw, discord-sessions-prd-1-8.
[21/09/2017 08:44] WARNING state parse_presence_update 424: PRESENCE_UPDATE referencing an unknown guild ID: None. Discarding.
